D:\Visual\MSBuild\Microsoft\VC\v160\Microsoft.CppBuild.targets(519,5): warning MSB8028: The intermediate directory (Debug\) contains files shared from another project (Server.vcxproj).  This can lead to incorrect clean and rebuild behavior.
  Server.cpp
D:\Study\3rd\PiBSP\Lab8-10\Server\Server.cpp(1): warning C4603: '_WINSOCK_DEPRECATED_NO_WARNINGS': macro is not defined or definition is different after precompiled header use
D:\Study\3rd\PiBSP\Lab8-10\Server\Server.cpp(1): message : Add macro to precompiled header instead of defining here
D:\Study\3rd\PiBSP\Lab8-10\Server\Server.cpp(4): message : use of precompiled header
D:\Study\3rd\PiBSP\Lab8-10\Server\Server.cpp(2): warning C4603: '_CRT_SECURE_NO_WARNINGS': macro is not defined or definition is different after precompiled header use
D:\Study\3rd\PiBSP\Lab8-10\Server\Server.cpp(2): message : Add macro to precompiled header instead of defining here
D:\Study\3rd\PiBSP\Lab8-10\Server\Server.cpp(4): message : use of precompiled header
D:\Study\3rd\PiBSP\Lab8-10\Server\Server.cpp(70,3): warning C4996: 'strcpy': This function or variable may be unsafe. Consider using strcpy_s instead. To disable deprecation, use _CRT_SECURE_NO_WARNINGS. See online help for details.
D:\Study\3rd\PiBSP\Lab8-10\Server\Server.cpp(77,3): warning C4996: 'strcpy': This function or variable may be unsafe. Consider using strcpy_s instead. To disable deprecation, use _CRT_SECURE_NO_WARNINGS. See online help for details.
D:\Study\3rd\PiBSP\Lab8-10\Server\Server.cpp(259,6): warning C4996: 'strcpy': This function or variable may be unsafe. Consider using strcpy_s instead. To disable deprecation, use _CRT_SECURE_NO_WARNINGS. See online help for details.
D:\Study\3rd\PiBSP\Lab8-10\Server\Server.cpp(340,3): warning C4996: 'sprintf': This function or variable may be unsafe. Consider using sprintf_s instead. To disable deprecation, use _CRT_SECURE_NO_WARNINGS. See online help for details.
D:\Study\3rd\PiBSP\Lab8-10\Server\Server.cpp(356,6): warning C4996: 'sprintf': This function or variable may be unsafe. Consider using sprintf_s instead. To disable deprecation, use _CRT_SECURE_NO_WARNINGS. See online help for details.
D:\Study\3rd\PiBSP\Lab8-10\Server\Server.cpp(443,100): warning C4996: 'inet_ntoa': Use inet_ntop() or InetNtop() instead or define _WINSOCK_DEPRECATED_NO_WARNINGS to disable deprecated API warnings
D:\Study\3rd\PiBSP\Lab8-10\Server\Server.cpp(483,3): warning C4996: 'strcpy': This function or variable may be unsafe. Consider using strcpy_s instead. To disable deprecation, use _CRT_SECURE_NO_WARNINGS. See online help for details.
D:\Study\3rd\PiBSP\Lab8-10\Server\Server.cpp(487,3): warning C4996: 'strcpy': This function or variable may be unsafe. Consider using strcpy_s instead. To disable deprecation, use _CRT_SECURE_NO_WARNINGS. See online help for details.
D:\Study\3rd\PiBSP\Lab8-10\Server\Server.cpp(488,3): warning C4996: 'strcpy': This function or variable may be unsafe. Consider using strcpy_s instead. To disable deprecation, use _CRT_SECURE_NO_WARNINGS. See online help for details.
D:\Study\3rd\PiBSP\Lab8-10\Server\Server.cpp(492,3): warning C4996: 'strcpy': This function or variable may be unsafe. Consider using strcpy_s instead. To disable deprecation, use _CRT_SECURE_NO_WARNINGS. See online help for details.
D:\Study\3rd\PiBSP\Lab8-10\Server\Server.cpp(493,3): warning C4996: 'strcpy': This function or variable may be unsafe. Consider using strcpy_s instead. To disable deprecation, use _CRT_SECURE_NO_WARNINGS. See online help for details.
D:\Study\3rd\PiBSP\Lab8-10\Server\Server.cpp(92): warning C4715: 'set_param': not all control paths return a value
  Server.vcxproj -> D:\Study\3rd\PiBSP\Lab8-10\Server\Debug\ConcurrentServer.exe
